loadcore_IMPORTS_start
I_RegisterLibraryEntries
loadcore_IMPORTS_end

sifcmd_IMPORTS_start
I_sceSifInitRpc
I_sceSifRegisterRpc
I_sceSifSetRpcQueue
I_sceSifRpcLoop
sifcmd_IMPORTS_end

sifman_IMPORTS_start
I_sceSifInit
I_sceSifSetDma
I_sceSifDmaStat
I_sceSifCheckInit
sifman_IMPORTS_end

stdio_IMPORTS_start
I_printf
stdio_IMPORTS_end

sysclib_IMPORTS_start
I_memcmp
I_memcpy
I_memset
sysclib_IMPORTS_end

thbase_IMPORTS_start
I_CreateThread
I_DeleteThread
I_DelayThread
I_StartThread
I_ExitThread
I_GetThreadId
I_ReferThreadStatus
I_iReferThreadStatus
I_SleepThread
I_SetAlarm
I_iWakeupThread
I_USec2SysClock
thbase_IMPORTS_end

thevent_IMPORTS_start
I_CreateEventFlag
I_DeleteEventFlag
I_SetEventFlag
I_iSetEventFlag
I_ClearEventFlag
I_WaitEventFlag
thevent_IMPORTS_end

xsio2man_IMPORTS_start
I_sio2_pad_transfer_init
I_sio2_stat6c_get
I_sio2_stat70_get
I_sio2_transfer
I_sio2_transfer_reset
xsio2man_IMPORTS_end